0 info it worked if it ends with ok
1 verbose cli [ '/usr/bin/nodejs', '/usr/bin/npm', 'run', 'compile:ts' ]
2 info using npm@2.15.1
3 info using node@v4.4.3
4 verbose run-script [ 'precompile:ts', 'compile:ts', 'postcompile:ts' ]
5 info precompile:ts node@1.0.0
6 info compile:ts node@1.0.0
7 verbose unsafe-perm in lifecycle true
8 info node@1.0.0 Failed to exec compile:ts script
9 verbose stack Error: node@1.0.0 compile:ts: `tsc --outDir ./dist --module commonjs ./src/server.tsx`
9 verbose stack Exit status 2
9 verbose stack     at EventEmitter.<anonymous> (/usr/lib/node_modules/npm/lib/utils/lifecycle.js:217:16)
9 verbose stack     at emitTwo (events.js:87:13)
9 verbose stack     at EventEmitter.emit (events.js:172:7)
9 verbose stack     at ChildProcess.<anonymous> (/usr/lib/node_modules/npm/lib/utils/spawn.js:24:14)
9 verbose stack     at emitTwo (events.js:87:13)
9 verbose stack     at ChildProcess.emit (events.js:172:7)
9 verbose stack     at maybeClose (internal/child_process.js:827:16)
9 verbose stack     at Process.ChildProcess._handle.onexit (internal/child_process.js:211:5)
10 verbose pkgid node@1.0.0
11 verbose cwd /var/www/dashboard/server/node
12 error Linux 3.13.0-85-generic
13 error argv "/usr/bin/nodejs" "/usr/bin/npm" "run" "compile:ts"
14 error node v4.4.3
15 error npm  v2.15.1
16 error code ELIFECYCLE
17 error node@1.0.0 compile:ts: `tsc --outDir ./dist --module commonjs ./src/server.tsx`
17 error Exit status 2
18 error Failed at the node@1.0.0 compile:ts script 'tsc --outDir ./dist --module commonjs ./src/server.tsx'.
18 error This is most likely a problem with the node package,
18 error not with npm itself.
18 error Tell the author that this fails on your system:
18 error     tsc --outDir ./dist --module commonjs ./src/server.tsx
18 error You can get information on how to open an issue for this project with:
18 error     npm bugs node
18 error Or if that isn't available, you can get their info via:
18 error
18 error     npm owner ls node
18 error There is likely additional logging output above.
19 verbose exit [ 1, true ]
