[INFO  - 2016-01-01T14:42:46.803Z] GhostDriver - Main - running on port 23130
[INFO  - 2016-01-01T14:42:47.158Z] Session [eca43bb0-b095-11e5-88af-95e21045239f] - page.settings - {"XSSAuditingEnabled":false,"javascriptCanCloseWindows":true,"javascriptCanOpenWindows":true,"javascriptEnabled":true,"loadImages":true,"localToRemoteUrlAccessEnabled":false,"userAgent":"Mozilla/5.0 (Unknown; Linux x86_64) AppleWebKit/538.1 (KHTML, like Gecko) PhantomJS/2.0.0 Safari/538.1","webSecurityEnabled":true}
[INFO  - 2016-01-01T14:42:47.158Z] Session [eca43bb0-b095-11e5-88af-95e21045239f] - page.customHeaders:  - {}
[INFO  - 2016-01-01T14:42:47.158Z] Session [eca43bb0-b095-11e5-88af-95e21045239f] - Session.negotiatedCapabilities - {"browserName":"phantomjs","version":"2.0.0","driverName":"ghostdriver","driverVersion":"1.2.0","platform":"linux-unknown-64bit","javascriptEnabled":true,"takesScreenshot":true,"handlesAlerts":false,"databaseEnabled":false,"locationContextEnabled":false,"applicationCacheEnabled":false,"browserConnectionEnabled":false,"cssSelectorsEnabled":true,"webStorageEnabled":false,"rotatable":false,"acceptSslCerts":false,"nativeEvents":true,"proxy":{"proxyType":"direct"}}
[INFO  - 2016-01-01T14:42:47.158Z] SessionManagerReqHand - _postNewSessionCommand - New Session Created: eca43bb0-b095-11e5-88af-95e21045239f
[INFO  - 2016-01-01T14:42:56.213Z] ShutdownReqHand - _handle - About to shutdown
[INFO  - 2016-01-01T14:45:30.217Z] GhostDriver - Main - running on port 25655
[INFO  - 2016-01-01T14:45:30.632Z] Session [4e154d30-b096-11e5-b077-a3754dd23b96] - page.settings - {"XSSAuditingEnabled":false,"javascriptCanCloseWindows":true,"javascriptCanOpenWindows":true,"javascriptEnabled":true,"loadImages":true,"localToRemoteUrlAccessEnabled":false,"userAgent":"Mozilla/5.0 (Unknown; Linux x86_64) AppleWebKit/538.1 (KHTML, like Gecko) PhantomJS/2.0.0 Safari/538.1","webSecurityEnabled":true}
[INFO  - 2016-01-01T14:45:30.632Z] Session [4e154d30-b096-11e5-b077-a3754dd23b96] - page.customHeaders:  - {}
[INFO  - 2016-01-01T14:45:30.632Z] Session [4e154d30-b096-11e5-b077-a3754dd23b96] - Session.negotiatedCapabilities - {"browserName":"phantomjs","version":"2.0.0","driverName":"ghostdriver","driverVersion":"1.2.0","platform":"linux-unknown-64bit","javascriptEnabled":true,"takesScreenshot":true,"handlesAlerts":false,"databaseEnabled":false,"locationContextEnabled":false,"applicationCacheEnabled":false,"browserConnectionEnabled":false,"cssSelectorsEnabled":true,"webStorageEnabled":false,"rotatable":false,"acceptSslCerts":false,"nativeEvents":true,"proxy":{"proxyType":"direct"}}
[INFO  - 2016-01-01T14:45:30.632Z] SessionManagerReqHand - _postNewSessionCommand - New Session Created: 4e154d30-b096-11e5-b077-a3754dd23b96
[ERROR - 2016-01-01T14:45:39.538Z] WebElementLocator - _handleLocateCommand - Element(s) NOT Found: GAVE UP. Search Stop Time: 1451659539502
[INFO  - 2016-01-01T14:46:40.903Z] GhostDriver - Main - running on port 1119
[INFO  - 2016-01-01T14:46:41.325Z] Session [7837e460-b096-11e5-9aa4-094e8fd6b46b] - page.settings - {"XSSAuditingEnabled":false,"javascriptCanCloseWindows":true,"javascriptCanOpenWindows":true,"javascriptEnabled":true,"loadImages":true,"localToRemoteUrlAccessEnabled":false,"userAgent":"Mozilla/5.0 (Unknown; Linux x86_64) AppleWebKit/538.1 (KHTML, like Gecko) PhantomJS/2.0.0 Safari/538.1","webSecurityEnabled":true}
[INFO  - 2016-01-01T14:46:41.325Z] Session [7837e460-b096-11e5-9aa4-094e8fd6b46b] - page.customHeaders:  - {}
[INFO  - 2016-01-01T14:46:41.325Z] Session [7837e460-b096-11e5-9aa4-094e8fd6b46b] - Session.negotiatedCapabilities - {"browserName":"phantomjs","version":"2.0.0","driverName":"ghostdriver","driverVersion":"1.2.0","platform":"linux-unknown-64bit","javascriptEnabled":true,"takesScreenshot":true,"handlesAlerts":false,"databaseEnabled":false,"locationContextEnabled":false,"applicationCacheEnabled":false,"browserConnectionEnabled":false,"cssSelectorsEnabled":true,"webStorageEnabled":false,"rotatable":false,"acceptSslCerts":false,"nativeEvents":true,"proxy":{"proxyType":"direct"}}
[INFO  - 2016-01-01T14:46:41.325Z] SessionManagerReqHand - _postNewSessionCommand - New Session Created: 7837e460-b096-11e5-9aa4-094e8fd6b46b
[ERROR - 2016-01-01T14:46:50.558Z] WebElementLocator - _handleLocateCommand - Element(s) NOT Found: GAVE UP. Search Stop Time: 1451659610522
[INFO  - 2016-01-01T14:47:51.602Z] GhostDriver - Main - running on port 22402
[INFO  - 2016-01-01T14:47:52.017Z] Session [a25af0c0-b096-11e5-94e7-2f1cf750669a] - page.settings - {"XSSAuditingEnabled":false,"javascriptCanCloseWindows":true,"javascriptCanOpenWindows":true,"javascriptEnabled":true,"loadImages":true,"localToRemoteUrlAccessEnabled":false,"userAgent":"Mozilla/5.0 (Unknown; Linux x86_64) AppleWebKit/538.1 (KHTML, like Gecko) PhantomJS/2.0.0 Safari/538.1","webSecurityEnabled":true}
[INFO  - 2016-01-01T14:47:52.017Z] Session [a25af0c0-b096-11e5-94e7-2f1cf750669a] - page.customHeaders:  - {}
[INFO  - 2016-01-01T14:47:52.018Z] Session [a25af0c0-b096-11e5-94e7-2f1cf750669a] - Session.negotiatedCapabilities - {"browserName":"phantomjs","version":"2.0.0","driverName":"ghostdriver","driverVersion":"1.2.0","platform":"linux-unknown-64bit","javascriptEnabled":true,"takesScreenshot":true,"handlesAlerts":false,"databaseEnabled":false,"locationContextEnabled":false,"applicationCacheEnabled":false,"browserConnectionEnabled":false,"cssSelectorsEnabled":true,"webStorageEnabled":false,"rotatable":false,"acceptSslCerts":false,"nativeEvents":true,"proxy":{"proxyType":"direct"}}
[INFO  - 2016-01-01T14:47:52.018Z] SessionManagerReqHand - _postNewSessionCommand - New Session Created: a25af0c0-b096-11e5-94e7-2f1cf750669a
[INFO  - 2016-01-01T14:48:27.102Z] GhostDriver - Main - running on port 1088
[INFO  - 2016-01-01T14:48:27.510Z] Session [b7830c30-b096-11e5-a3b6-6db46791feb9] - page.settings - {"XSSAuditingEnabled":false,"javascriptCanCloseWindows":true,"javascriptCanOpenWindows":true,"javascriptEnabled":true,"loadImages":true,"localToRemoteUrlAccessEnabled":false,"userAgent":"Mozilla/5.0 (Unknown; Linux x86_64) AppleWebKit/538.1 (KHTML, like Gecko) PhantomJS/2.0.0 Safari/538.1","webSecurityEnabled":true}
[INFO  - 2016-01-01T14:48:27.510Z] Session [b7830c30-b096-11e5-a3b6-6db46791feb9] - page.customHeaders:  - {}
[INFO  - 2016-01-01T14:48:27.510Z] Session [b7830c30-b096-11e5-a3b6-6db46791feb9] - Session.negotiatedCapabilities - {"browserName":"phantomjs","version":"2.0.0","driverName":"ghostdriver","driverVersion":"1.2.0","platform":"linux-unknown-64bit","javascriptEnabled":true,"takesScreenshot":true,"handlesAlerts":false,"databaseEnabled":false,"locationContextEnabled":false,"applicationCacheEnabled":false,"browserConnectionEnabled":false,"cssSelectorsEnabled":true,"webStorageEnabled":false,"rotatable":false,"acceptSslCerts":false,"nativeEvents":true,"proxy":{"proxyType":"direct"}}
[INFO  - 2016-01-01T14:48:27.510Z] SessionManagerReqHand - _postNewSessionCommand - New Session Created: b7830c30-b096-11e5-a3b6-6db46791feb9
[ERROR - 2016-01-01T14:48:36.740Z] WebElementLocator - _handleLocateCommand - Element(s) NOT Found: GAVE UP. Search Stop Time: 1451659716710
[INFO  - 2016-01-01T14:48:58.130Z] GhostDriver - Main - running on port 10515
[INFO  - 2016-01-01T14:48:58.537Z] Session [ca011640-b096-11e5-bcd6-8fb85cc99e0d] - page.settings - {"XSSAuditingEnabled":false,"javascriptCanCloseWindows":true,"javascriptCanOpenWindows":true,"javascriptEnabled":true,"loadImages":true,"localToRemoteUrlAccessEnabled":false,"userAgent":"Mozilla/5.0 (Unknown; Linux x86_64) AppleWebKit/538.1 (KHTML, like Gecko) PhantomJS/2.0.0 Safari/538.1","webSecurityEnabled":true}
[INFO  - 2016-01-01T14:48:58.537Z] Session [ca011640-b096-11e5-bcd6-8fb85cc99e0d] - page.customHeaders:  - {}
[INFO  - 2016-01-01T14:48:58.537Z] Session [ca011640-b096-11e5-bcd6-8fb85cc99e0d] - Session.negotiatedCapabilities - {"browserName":"phantomjs","version":"2.0.0","driverName":"ghostdriver","driverVersion":"1.2.0","platform":"linux-unknown-64bit","javascriptEnabled":true,"takesScreenshot":true,"handlesAlerts":false,"databaseEnabled":false,"locationContextEnabled":false,"applicationCacheEnabled":false,"browserConnectionEnabled":false,"cssSelectorsEnabled":true,"webStorageEnabled":false,"rotatable":false,"acceptSslCerts":false,"nativeEvents":true,"proxy":{"proxyType":"direct"}}
[INFO  - 2016-01-01T14:48:58.537Z] SessionManagerReqHand - _postNewSessionCommand - New Session Created: ca011640-b096-11e5-bcd6-8fb85cc99e0d
[ERROR - 2016-01-01T14:49:07.400Z] WebElementLocator - _handleLocateCommand - Element(s) NOT Found: GAVE UP. Search Stop Time: 1451659747363
[INFO  - 2016-01-01T14:49:20.871Z] GhostDriver - Main - running on port 25538
[INFO  - 2016-01-01T14:49:21.284Z] Session [d78f8bc0-b096-11e5-b5ab-e3b16f915294] - page.settings - {"XSSAuditingEnabled":false,"javascriptCanCloseWindows":true,"javascriptCanOpenWindows":true,"javascriptEnabled":true,"loadImages":true,"localToRemoteUrlAccessEnabled":false,"userAgent":"Mozilla/5.0 (Unknown; Linux x86_64) AppleWebKit/538.1 (KHTML, like Gecko) PhantomJS/2.0.0 Safari/538.1","webSecurityEnabled":true}
[INFO  - 2016-01-01T14:49:21.284Z] Session [d78f8bc0-b096-11e5-b5ab-e3b16f915294] - page.customHeaders:  - {}
[INFO  - 2016-01-01T14:49:21.284Z] Session [d78f8bc0-b096-11e5-b5ab-e3b16f915294] - Session.negotiatedCapabilities - {"browserName":"phantomjs","version":"2.0.0","driverName":"ghostdriver","driverVersion":"1.2.0","platform":"linux-unknown-64bit","javascriptEnabled":true,"takesScreenshot":true,"handlesAlerts":false,"databaseEnabled":false,"locationContextEnabled":false,"applicationCacheEnabled":false,"browserConnectionEnabled":false,"cssSelectorsEnabled":true,"webStorageEnabled":false,"rotatable":false,"acceptSslCerts":false,"nativeEvents":true,"proxy":{"proxyType":"direct"}}
[INFO  - 2016-01-01T14:49:21.284Z] SessionManagerReqHand - _postNewSessionCommand - New Session Created: d78f8bc0-b096-11e5-b5ab-e3b16f915294
[INFO  - 2016-01-01T14:50:13.962Z] GhostDriver - Main - running on port 24431
[INFO  - 2016-01-01T14:50:14.377Z] Session [f7355a40-b096-11e5-839b-7b4d2314bc08] - page.settings - {"XSSAuditingEnabled":false,"javascriptCanCloseWindows":true,"javascriptCanOpenWindows":true,"javascriptEnabled":true,"loadImages":true,"localToRemoteUrlAccessEnabled":false,"userAgent":"Mozilla/5.0 (Unknown; Linux x86_64) AppleWebKit/538.1 (KHTML, like Gecko) PhantomJS/2.0.0 Safari/538.1","webSecurityEnabled":true}
[INFO  - 2016-01-01T14:50:14.377Z] Session [f7355a40-b096-11e5-839b-7b4d2314bc08] - page.customHeaders:  - {}
[INFO  - 2016-01-01T14:50:14.377Z] Session [f7355a40-b096-11e5-839b-7b4d2314bc08] - Session.negotiatedCapabilities - {"browserName":"phantomjs","version":"2.0.0","driverName":"ghostdriver","driverVersion":"1.2.0","platform":"linux-unknown-64bit","javascriptEnabled":true,"takesScreenshot":true,"handlesAlerts":false,"databaseEnabled":false,"locationContextEnabled":false,"applicationCacheEnabled":false,"browserConnectionEnabled":false,"cssSelectorsEnabled":true,"webStorageEnabled":false,"rotatable":false,"acceptSslCerts":false,"nativeEvents":true,"proxy":{"proxyType":"direct"}}
[INFO  - 2016-01-01T14:50:14.377Z] SessionManagerReqHand - _postNewSessionCommand - New Session Created: f7355a40-b096-11e5-839b-7b4d2314bc08
[ERROR - 2016-01-01T14:50:23.603Z] WebElementLocator - _handleLocateCommand - Element(s) NOT Found: GAVE UP. Search Stop Time: 1451659823566
[INFO  - 2016-01-01T14:50:30.217Z] SessionManagerReqHand - _cleanupWindowlessSessions - Asynchronous Sessions clean-up phase starting NOW
[INFO  - 2016-01-01T14:50:37.788Z] GhostDriver - Main - running on port 23324
[INFO  - 2016-01-01T14:50:38.208Z] Session [056985a0-b097-11e5-bc09-a1768a077c1b] - page.settings - {"XSSAuditingEnabled":false,"javascriptCanCloseWindows":true,"javascriptCanOpenWindows":true,"javascriptEnabled":true,"loadImages":true,"localToRemoteUrlAccessEnabled":false,"userAgent":"Mozilla/5.0 (Unknown; Linux x86_64) AppleWebKit/538.1 (KHTML, like Gecko) PhantomJS/2.0.0 Safari/538.1","webSecurityEnabled":true}
[INFO  - 2016-01-01T14:50:38.208Z] Session [056985a0-b097-11e5-bc09-a1768a077c1b] - page.customHeaders:  - {}
[INFO  - 2016-01-01T14:50:38.208Z] Session [056985a0-b097-11e5-bc09-a1768a077c1b] - Session.negotiatedCapabilities - {"browserName":"phantomjs","version":"2.0.0","driverName":"ghostdriver","driverVersion":"1.2.0","platform":"linux-unknown-64bit","javascriptEnabled":true,"takesScreenshot":true,"handlesAlerts":false,"databaseEnabled":false,"locationContextEnabled":false,"applicationCacheEnabled":false,"browserConnectionEnabled":false,"cssSelectorsEnabled":true,"webStorageEnabled":false,"rotatable":false,"acceptSslCerts":false,"nativeEvents":true,"proxy":{"proxyType":"direct"}}
[INFO  - 2016-01-01T14:50:38.208Z] SessionManagerReqHand - _postNewSessionCommand - New Session Created: 056985a0-b097-11e5-bc09-a1768a077c1b
[INFO  - 2016-01-01T14:50:47.122Z] ShutdownReqHand - _handle - About to shutdown
[INFO  - 2016-01-01T14:51:40.903Z] SessionManagerReqHand - _cleanupWindowlessSessions - Asynchronous Sessions clean-up phase starting NOW
[INFO  - 2016-01-01T14:52:51.596Z] SessionManagerReqHand - _cleanupWindowlessSessions - Asynchronous Sessions clean-up phase starting NOW
[INFO  - 2016-01-01T14:53:27.098Z] SessionManagerReqHand - _cleanupWindowlessSessions - Asynchronous Sessions clean-up phase starting NOW
[INFO  - 2016-01-01T14:53:58.128Z] SessionManagerReqHand - _cleanupWindowlessSessions - Asynchronous Sessions clean-up phase starting NOW
[INFO  - 2016-01-01T14:54:20.870Z] SessionManagerReqHand - _cleanupWindowlessSessions - Asynchronous Sessions clean-up phase starting NOW
[INFO  - 2016-01-01T14:54:59.782Z] GhostDriver - Main - running on port 32183
[INFO  - 2016-01-01T14:55:00.205Z] Session [a1933e80-b097-11e5-a3c7-d343ca37a5c7] - page.settings - {"XSSAuditingEnabled":false,"javascriptCanCloseWindows":true,"javascriptCanOpenWindows":true,"javascriptEnabled":true,"loadImages":true,"localToRemoteUrlAccessEnabled":false,"userAgent":"Mozilla/5.0 (Unknown; Linux x86_64) AppleWebKit/538.1 (KHTML, like Gecko) PhantomJS/2.0.0 Safari/538.1","webSecurityEnabled":true}
[INFO  - 2016-01-01T14:55:00.205Z] Session [a1933e80-b097-11e5-a3c7-d343ca37a5c7] - page.customHeaders:  - {}
[INFO  - 2016-01-01T14:55:00.205Z] Session [a1933e80-b097-11e5-a3c7-d343ca37a5c7] - Session.negotiatedCapabilities - {"browserName":"phantomjs","version":"2.0.0","driverName":"ghostdriver","driverVersion":"1.2.0","platform":"linux-unknown-64bit","javascriptEnabled":true,"takesScreenshot":true,"handlesAlerts":false,"databaseEnabled":false,"locationContextEnabled":false,"applicationCacheEnabled":false,"browserConnectionEnabled":false,"cssSelectorsEnabled":true,"webStorageEnabled":false,"rotatable":false,"acceptSslCerts":false,"nativeEvents":true,"proxy":{"proxyType":"direct"}}
[INFO  - 2016-01-01T14:55:00.205Z] SessionManagerReqHand - _postNewSessionCommand - New Session Created: a1933e80-b097-11e5-a3c7-d343ca37a5c7
[INFO  - 2016-01-01T14:55:13.957Z] SessionManagerReqHand - _cleanupWindowlessSessions - Asynchronous Sessions clean-up phase starting NOW
[INFO  - 2016-01-01T14:55:30.217Z] SessionManagerReqHand - _cleanupWindowlessSessions - Asynchronous Sessions clean-up phase starting NOW
[INFO  - 2016-01-01T14:56:40.903Z] SessionManagerReqHand - _cleanupWindowlessSessions - Asynchronous Sessions clean-up phase starting NOW
[INFO  - 2016-01-01T14:57:51.596Z] SessionManagerReqHand - _cleanupWindowlessSessions - Asynchronous Sessions clean-up phase starting NOW
[INFO  - 2016-01-01T14:58:27.098Z] SessionManagerReqHand - _cleanupWindowlessSessions - Asynchronous Sessions clean-up phase starting NOW
[INFO  - 2016-01-01T14:58:58.129Z] SessionManagerReqHand - _cleanupWindowlessSessions - Asynchronous Sessions clean-up phase starting NOW
[INFO  - 2016-01-01T14:59:20.870Z] SessionManagerReqHand - _cleanupWindowlessSessions - Asynchronous Sessions clean-up phase starting NOW
[INFO  - 2016-01-01T14:59:59.781Z] SessionManagerReqHand - _cleanupWindowlessSessions - Asynchronous Sessions clean-up phase starting NOW
[INFO  - 2016-01-01T15:00:13.957Z] SessionManagerReqHand - _cleanupWindowlessSessions - Asynchronous Sessions clean-up phase starting NOW
[INFO  - 2016-01-01T15:00:30.217Z] SessionManagerReqHand - _cleanupWindowlessSessions - Asynchronous Sessions clean-up phase starting NOW
[INFO  - 2016-01-01T15:01:40.903Z] SessionManagerReqHand - _cleanupWindowlessSessions - Asynchronous Sessions clean-up phase starting NOW
[INFO  - 2016-01-01T15:02:51.596Z] SessionManagerReqHand - _cleanupWindowlessSessions - Asynchronous Sessions clean-up phase starting NOW
[INFO  - 2016-01-01T15:03:27.098Z] SessionManagerReqHand - _cleanupWindowlessSessions - Asynchronous Sessions clean-up phase starting NOW
[INFO  - 2016-01-01T15:03:58.129Z] SessionManagerReqHand - _cleanupWindowlessSessions - Asynchronous Sessions clean-up phase starting NOW
[INFO  - 2016-01-01T15:04:20.870Z] SessionManagerReqHand - _cleanupWindowlessSessions - Asynchronous Sessions clean-up phase starting NOW
[INFO  - 2016-01-01T15:04:59.781Z] SessionManagerReqHand - _cleanupWindowlessSessions - Asynchronous Sessions clean-up phase starting NOW
[INFO  - 2016-01-01T15:05:13.957Z] SessionManagerReqHand - _cleanupWindowlessSessions - Asynchronous Sessions clean-up phase starting NOW
[INFO  - 2016-01-01T15:05:30.217Z] SessionManagerReqHand - _cleanupWindowlessSessions - Asynchronous Sessions clean-up phase starting NOW
[INFO  - 2016-01-01T15:06:40.903Z] SessionManagerReqHand - _cleanupWindowlessSessions - Asynchronous Sessions clean-up phase starting NOW
[INFO  - 2016-01-01T15:07:51.596Z] SessionManagerReqHand - _cleanupWindowlessSessions - Asynchronous Sessions clean-up phase starting NOW
[INFO  - 2016-01-01T15:08:27.098Z] SessionManagerReqHand - _cleanupWindowlessSessions - Asynchronous Sessions clean-up phase starting NOW
[INFO  - 2016-01-01T15:08:58.129Z] SessionManagerReqHand - _cleanupWindowlessSessions - Asynchronous Sessions clean-up phase starting NOW
[INFO  - 2016-01-01T15:09:20.870Z] SessionManagerReqHand - _cleanupWindowlessSessions - Asynchronous Sessions clean-up phase starting NOW
[INFO  - 2016-01-01T15:09:59.781Z] SessionManagerReqHand - _cleanupWindowlessSessions - Asynchronous Sessions clean-up phase starting NOW
[INFO  - 2016-01-01T15:10:13.957Z] SessionManagerReqHand - _cleanupWindowlessSessions - Asynchronous Sessions clean-up phase starting NOW
[INFO  - 2016-01-01T15:10:30.217Z] SessionManagerReqHand - _cleanupWindowlessSessions - Asynchronous Sessions clean-up phase starting NOW
[INFO  - 2016-01-01T15:11:40.903Z] SessionManagerReqHand - _cleanupWindowlessSessions - Asynchronous Sessions clean-up phase starting NOW
[INFO  - 2016-01-01T15:12:51.596Z] SessionManagerReqHand - _cleanupWindowlessSessions - Asynchronous Sessions clean-up phase starting NOW
[INFO  - 2016-01-01T15:13:27.098Z] SessionManagerReqHand - _cleanupWindowlessSessions - Asynchronous Sessions clean-up phase starting NOW
[INFO  - 2016-01-01T15:13:58.129Z] SessionManagerReqHand - _cleanupWindowlessSessions - Asynchronous Sessions clean-up phase starting NOW
[INFO  - 2016-01-01T15:14:20.870Z] SessionManagerReqHand - _cleanupWindowlessSessions - Asynchronous Sessions clean-up phase starting NOW
[INFO  - 2016-01-01T15:14:59.781Z] SessionManagerReqHand - _cleanupWindowlessSessions - Asynchronous Sessions clean-up phase starting NOW
[INFO  - 2016-01-01T15:15:13.957Z] SessionManagerReqHand - _cleanupWindowlessSessions - Asynchronous Sessions clean-up phase starting NOW
[INFO  - 2016-01-01T15:15:30.217Z] SessionManagerReqHand - _cleanupWindowlessSessions - Asynchronous Sessions clean-up phase starting NOW
[INFO  - 2016-01-01T15:16:40.903Z] SessionManagerReqHand - _cleanupWindowlessSessions - Asynchronous Sessions clean-up phase starting NOW
[INFO  - 2016-01-01T15:17:51.596Z] SessionManagerReqHand - _cleanupWindowlessSessions - Asynchronous Sessions clean-up phase starting NOW
[INFO  - 2016-01-01T15:18:22.225Z] ShutdownReqHand - _handle - About to shutdown
[INFO  - 2016-01-01T15:18:22.809Z] ShutdownReqHand - _handle - About to shutdown
[INFO  - 2016-01-01T15:18:23.389Z] ShutdownReqHand - _handle - About to shutdown
[INFO  - 2016-01-01T15:18:27.098Z] SessionManagerReqHand - _cleanupWindowlessSessions - Asynchronous Sessions clean-up phase starting NOW
[INFO  - 2016-01-01T15:18:58.129Z] SessionManagerReqHand - _cleanupWindowlessSessions - Asynchronous Sessions clean-up phase starting NOW
[INFO  - 2016-01-01T15:19:20.870Z] SessionManagerReqHand - _cleanupWindowlessSessions - Asynchronous Sessions clean-up phase starting NOW
[INFO  - 2016-01-01T15:19:59.781Z] SessionManagerReqHand - _cleanupWindowlessSessions - Asynchronous Sessions clean-up phase starting NOW
[INFO  - 2016-01-01T15:20:13.957Z] SessionManagerReqHand - _cleanupWindowlessSessions - Asynchronous Sessions clean-up phase starting NOW
[INFO  - 2016-01-01T15:21:23.974Z] ShutdownReqHand - _handle - About to shutdown
[INFO  - 2016-01-01T15:21:24.554Z] ShutdownReqHand - _handle - About to shutdown
[INFO  - 2016-01-01T15:21:25.141Z] ShutdownReqHand - _handle - About to shutdown
[INFO  - 2016-01-01T15:21:25.727Z] ShutdownReqHand - _handle - About to shutdown
[INFO  - 2016-01-01T15:24:59.781Z] SessionManagerReqHand - _cleanupWindowlessSessions - Asynchronous Sessions clean-up phase starting NOW
[INFO  - 2016-01-01T15:27:26.307Z] ShutdownReqHand - _handle - About to shutdown
[INFO  - 2016-01-01T20:30:18.650Z] GhostDriver - Main - running on port 28496
[INFO  - 2016-01-01T20:30:19.029Z] Session [795401f0-b0c6-11e5-90f6-c7ac64b44883] - page.settings - {"XSSAuditingEnabled":false,"javascriptCanCloseWindows":true,"javascriptCanOpenWindows":true,"javascriptEnabled":true,"loadImages":true,"localToRemoteUrlAccessEnabled":false,"userAgent":"Mozilla/5.0 (Unknown; Linux x86_64) AppleWebKit/538.1 (KHTML, like Gecko) PhantomJS/2.0.0 Safari/538.1","webSecurityEnabled":true}
[INFO  - 2016-01-01T20:30:19.029Z] Session [795401f0-b0c6-11e5-90f6-c7ac64b44883] - page.customHeaders:  - {}
[INFO  - 2016-01-01T20:30:19.030Z] Session [795401f0-b0c6-11e5-90f6-c7ac64b44883] - Session.negotiatedCapabilities - {"browserName":"phantomjs","version":"2.0.0","driverName":"ghostdriver","driverVersion":"1.2.0","platform":"linux-unknown-64bit","javascriptEnabled":true,"takesScreenshot":true,"handlesAlerts":false,"databaseEnabled":false,"locationContextEnabled":false,"applicationCacheEnabled":false,"browserConnectionEnabled":false,"cssSelectorsEnabled":true,"webStorageEnabled":false,"rotatable":false,"acceptSslCerts":false,"nativeEvents":true,"proxy":{"proxyType":"direct"}}
[INFO  - 2016-01-01T20:30:19.030Z] SessionManagerReqHand - _postNewSessionCommand - New Session Created: 795401f0-b0c6-11e5-90f6-c7ac64b44883
[INFO  - 2016-01-01T20:31:03.767Z] GhostDriver - Main - running on port 7832
[INFO  - 2016-01-01T20:31:04.193Z] Session [943fa3c0-b0c6-11e5-82bd-254098465cb3] - page.settings - {"XSSAuditingEnabled":false,"javascriptCanCloseWindows":true,"javascriptCanOpenWindows":true,"javascriptEnabled":true,"loadImages":true,"localToRemoteUrlAccessEnabled":false,"userAgent":"Mozilla/5.0 (Unknown; Linux x86_64) AppleWebKit/538.1 (KHTML, like Gecko) PhantomJS/2.0.0 Safari/538.1","webSecurityEnabled":true}
[INFO  - 2016-01-01T20:31:04.194Z] Session [943fa3c0-b0c6-11e5-82bd-254098465cb3] - page.customHeaders:  - {}
[INFO  - 2016-01-01T20:31:04.194Z] Session [943fa3c0-b0c6-11e5-82bd-254098465cb3] - Session.negotiatedCapabilities - {"browserName":"phantomjs","version":"2.0.0","driverName":"ghostdriver","driverVersion":"1.2.0","platform":"linux-unknown-64bit","javascriptEnabled":true,"takesScreenshot":true,"handlesAlerts":false,"databaseEnabled":false,"locationContextEnabled":false,"applicationCacheEnabled":false,"browserConnectionEnabled":false,"cssSelectorsEnabled":true,"webStorageEnabled":false,"rotatable":false,"acceptSslCerts":false,"nativeEvents":true,"proxy":{"proxyType":"direct"}}
[INFO  - 2016-01-01T20:31:04.194Z] SessionManagerReqHand - _postNewSessionCommand - New Session Created: 943fa3c0-b0c6-11e5-82bd-254098465cb3
[ERROR - 2016-01-01T20:31:13.114Z] WebElementLocator - _handleLocateCommand - Element(s) NOT Found: GAVE UP. Search Stop Time: 1451680273080
[INFO  - 2016-01-01T20:31:55.456Z] GhostDriver - Main - running on port 10625
[INFO  - 2016-01-01T20:31:55.871Z] Session [b30d13a0-b0c6-11e5-a46c-cd11fef122f5] - page.settings - {"XSSAuditingEnabled":false,"javascriptCanCloseWindows":true,"javascriptCanOpenWindows":true,"javascriptEnabled":true,"loadImages":true,"localToRemoteUrlAccessEnabled":false,"userAgent":"Mozilla/5.0 (Unknown; Linux x86_64) AppleWebKit/538.1 (KHTML, like Gecko) PhantomJS/2.0.0 Safari/538.1","webSecurityEnabled":true}
[INFO  - 2016-01-01T20:31:55.871Z] Session [b30d13a0-b0c6-11e5-a46c-cd11fef122f5] - page.customHeaders:  - {}
[INFO  - 2016-01-01T20:31:55.871Z] Session [b30d13a0-b0c6-11e5-a46c-cd11fef122f5] - Session.negotiatedCapabilities - {"browserName":"phantomjs","version":"2.0.0","driverName":"ghostdriver","driverVersion":"1.2.0","platform":"linux-unknown-64bit","javascriptEnabled":true,"takesScreenshot":true,"handlesAlerts":false,"databaseEnabled":false,"locationContextEnabled":false,"applicationCacheEnabled":false,"browserConnectionEnabled":false,"cssSelectorsEnabled":true,"webStorageEnabled":false,"rotatable":false,"acceptSslCerts":false,"nativeEvents":true,"proxy":{"proxyType":"direct"}}
[INFO  - 2016-01-01T20:31:55.871Z] SessionManagerReqHand - _postNewSessionCommand - New Session Created: b30d13a0-b0c6-11e5-a46c-cd11fef122f5
[ERROR - 2016-01-01T20:32:04.459Z] WebElementLocator - _handleLocateCommand - Element(s) NOT Found: GAVE UP. Search Stop Time: 1451680324425
[INFO  - 2016-01-01T20:33:45.181Z] GhostDriver - Main - running on port 7624
[INFO  - 2016-01-01T20:33:45.604Z] Session [f4752800-b0c6-11e5-8f88-fd0577dbfdc2] - page.settings - {"XSSAuditingEnabled":false,"javascriptCanCloseWindows":true,"javascriptCanOpenWindows":true,"javascriptEnabled":true,"loadImages":true,"localToRemoteUrlAccessEnabled":false,"userAgent":"Mozilla/5.0 (Unknown; Linux x86_64) AppleWebKit/538.1 (KHTML, like Gecko) PhantomJS/2.0.0 Safari/538.1","webSecurityEnabled":true}
[INFO  - 2016-01-01T20:33:45.605Z] Session [f4752800-b0c6-11e5-8f88-fd0577dbfdc2] - page.customHeaders:  - {}
[INFO  - 2016-01-01T20:33:45.605Z] Session [f4752800-b0c6-11e5-8f88-fd0577dbfdc2] - Session.negotiatedCapabilities - {"browserName":"phantomjs","version":"2.0.0","driverName":"ghostdriver","driverVersion":"1.2.0","platform":"linux-unknown-64bit","javascriptEnabled":true,"takesScreenshot":true,"handlesAlerts":false,"databaseEnabled":false,"locationContextEnabled":false,"applicationCacheEnabled":false,"browserConnectionEnabled":false,"cssSelectorsEnabled":true,"webStorageEnabled":false,"rotatable":false,"acceptSslCerts":false,"nativeEvents":true,"proxy":{"proxyType":"direct"}}
[INFO  - 2016-01-01T20:33:45.605Z] SessionManagerReqHand - _postNewSessionCommand - New Session Created: f4752800-b0c6-11e5-8f88-fd0577dbfdc2
[ERROR - 2016-01-01T20:33:54.525Z] WebElementLocator - _handleLocateCommand - Element(s) NOT Found: GAVE UP. Search Stop Time: 1451680434489
[INFO  - 2016-01-01T20:34:06.754Z] GhostDriver - Main - running on port 28930
[INFO  - 2016-01-01T20:34:07.175Z] Session [01507a20-b0c7-11e5-ad92-af1922d29994] - page.settings - {"XSSAuditingEnabled":false,"javascriptCanCloseWindows":true,"javascriptCanOpenWindows":true,"javascriptEnabled":true,"loadImages":true,"localToRemoteUrlAccessEnabled":false,"userAgent":"Mozilla/5.0 (Unknown; Linux x86_64) AppleWebKit/538.1 (KHTML, like Gecko) PhantomJS/2.0.0 Safari/538.1","webSecurityEnabled":true}
[INFO  - 2016-01-01T20:34:07.175Z] Session [01507a20-b0c7-11e5-ad92-af1922d29994] - page.customHeaders:  - {}
[INFO  - 2016-01-01T20:34:07.175Z] Session [01507a20-b0c7-11e5-ad92-af1922d29994] - Session.negotiatedCapabilities - {"browserName":"phantomjs","version":"2.0.0","driverName":"ghostdriver","driverVersion":"1.2.0","platform":"linux-unknown-64bit","javascriptEnabled":true,"takesScreenshot":true,"handlesAlerts":false,"databaseEnabled":false,"locationContextEnabled":false,"applicationCacheEnabled":false,"browserConnectionEnabled":false,"cssSelectorsEnabled":true,"webStorageEnabled":false,"rotatable":false,"acceptSslCerts":false,"nativeEvents":true,"proxy":{"proxyType":"direct"}}
[INFO  - 2016-01-01T20:34:07.175Z] SessionManagerReqHand - _postNewSessionCommand - New Session Created: 01507a20-b0c7-11e5-ad92-af1922d29994
[ERROR - 2016-01-01T20:34:16.067Z] WebElementLocator - _handleLocateCommand - Element(s) NOT Found: GAVE UP. Search Stop Time: 1451680456039
[INFO  - 2016-01-01T20:35:18.649Z] SessionManagerReqHand - _cleanupWindowlessSessions - Asynchronous Sessions clean-up phase starting NOW
[INFO  - 2016-01-01T20:35:44.866Z] GhostDriver - Main - running on port 24972
[INFO  - 2016-01-01T20:35:45.287Z] Session [3bcab8f0-b0c7-11e5-a7a2-27352616b38c] - page.settings - {"XSSAuditingEnabled":false,"javascriptCanCloseWindows":true,"javascriptCanOpenWindows":true,"javascriptEnabled":true,"loadImages":true,"localToRemoteUrlAccessEnabled":false,"userAgent":"Mozilla/5.0 (Unknown; Linux x86_64) AppleWebKit/538.1 (KHTML, like Gecko) PhantomJS/2.0.0 Safari/538.1","webSecurityEnabled":true}
[INFO  - 2016-01-01T20:35:45.287Z] Session [3bcab8f0-b0c7-11e5-a7a2-27352616b38c] - page.customHeaders:  - {}
[INFO  - 2016-01-01T20:35:45.288Z] Session [3bcab8f0-b0c7-11e5-a7a2-27352616b38c] - Session.negotiatedCapabilities - {"browserName":"phantomjs","version":"2.0.0","driverName":"ghostdriver","driverVersion":"1.2.0","platform":"linux-unknown-64bit","javascriptEnabled":true,"takesScreenshot":true,"handlesAlerts":false,"databaseEnabled":false,"locationContextEnabled":false,"applicationCacheEnabled":false,"browserConnectionEnabled":false,"cssSelectorsEnabled":true,"webStorageEnabled":false,"rotatable":false,"acceptSslCerts":false,"nativeEvents":true,"proxy":{"proxyType":"direct"}}
[INFO  - 2016-01-01T20:35:45.288Z] SessionManagerReqHand - _postNewSessionCommand - New Session Created: 3bcab8f0-b0c7-11e5-a7a2-27352616b38c
[ERROR - 2016-01-01T20:35:53.845Z] WebElementLocator - _handleLocateCommand - Element(s) NOT Found: GAVE UP. Search Stop Time: 1451680553822
[INFO  - 2016-01-01T20:36:03.765Z] SessionManagerReqHand - _cleanupWindowlessSessions - Asynchronous Sessions clean-up phase starting NOW
[INFO  - 2016-01-01T20:36:55.453Z] SessionManagerReqHand - _cleanupWindowlessSessions - Asynchronous Sessions clean-up phase starting NOW
[INFO  - 2016-01-01T20:38:45.180Z] SessionManagerReqHand - _cleanupWindowlessSessions - Asynchronous Sessions clean-up phase starting NOW
[INFO  - 2016-01-01T20:39:06.753Z] SessionManagerReqHand - _cleanupWindowlessSessions - Asynchronous Sessions clean-up phase starting NOW
[INFO  - 2016-01-01T20:40:18.649Z] SessionManagerReqHand - _cleanupWindowlessSessions - Asynchronous Sessions clean-up phase starting NOW
[INFO  - 2016-01-01T20:40:25.550Z] GhostDriver - Main - running on port 19886
[INFO  - 2016-01-01T20:40:25.962Z] Session [e316a240-b0c7-11e5-8feb-7307a01d49fe] - page.settings - {"XSSAuditingEnabled":false,"javascriptCanCloseWindows":true,"javascriptCanOpenWindows":true,"javascriptEnabled":true,"loadImages":true,"localToRemoteUrlAccessEnabled":false,"userAgent":"Mozilla/5.0 (Unknown; Linux x86_64) AppleWebKit/538.1 (KHTML, like Gecko) PhantomJS/2.0.0 Safari/538.1","webSecurityEnabled":true}
[INFO  - 2016-01-01T20:40:25.962Z] Session [e316a240-b0c7-11e5-8feb-7307a01d49fe] - page.customHeaders:  - {}
[INFO  - 2016-01-01T20:40:25.962Z] Session [e316a240-b0c7-11e5-8feb-7307a01d49fe] - Session.negotiatedCapabilities - {"browserName":"phantomjs","version":"2.0.0","driverName":"ghostdriver","driverVersion":"1.2.0","platform":"linux-unknown-64bit","javascriptEnabled":true,"takesScreenshot":true,"handlesAlerts":false,"databaseEnabled":false,"locationContextEnabled":false,"applicationCacheEnabled":false,"browserConnectionEnabled":false,"cssSelectorsEnabled":true,"webStorageEnabled":false,"rotatable":false,"acceptSslCerts":false,"nativeEvents":true,"proxy":{"proxyType":"direct"}}
[INFO  - 2016-01-01T20:40:25.962Z] SessionManagerReqHand - _postNewSessionCommand - New Session Created: e316a240-b0c7-11e5-8feb-7307a01d49fe
[ERROR - 2016-01-01T20:40:34.880Z] WebElementLocator - _handleLocateCommand - Element(s) NOT Found: GAVE UP. Search Stop Time: 1451680834849
[INFO  - 2016-01-01T20:40:44.865Z] SessionManagerReqHand - _cleanupWindowlessSessions - Asynchronous Sessions clean-up phase starting NOW
[INFO  - 2016-01-01T20:41:03.765Z] SessionManagerReqHand - _cleanupWindowlessSessions - Asynchronous Sessions clean-up phase starting NOW
[INFO  - 2016-01-01T20:41:48.278Z] GhostDriver - Main - running on port 16784
[INFO  - 2016-01-01T20:41:48.700Z] Session [14679a70-b0c8-11e5-9b34-e71a2a85d801] - page.settings - {"XSSAuditingEnabled":false,"javascriptCanCloseWindows":true,"javascriptCanOpenWindows":true,"javascriptEnabled":true,"loadImages":true,"localToRemoteUrlAccessEnabled":false,"userAgent":"Mozilla/5.0 (Unknown; Linux x86_64) AppleWebKit/538.1 (KHTML, like Gecko) PhantomJS/2.0.0 Safari/538.1","webSecurityEnabled":true}
[INFO  - 2016-01-01T20:41:48.700Z] Session [14679a70-b0c8-11e5-9b34-e71a2a85d801] - page.customHeaders:  - {}
[INFO  - 2016-01-01T20:41:48.700Z] Session [14679a70-b0c8-11e5-9b34-e71a2a85d801] - Session.negotiatedCapabilities - {"browserName":"phantomjs","version":"2.0.0","driverName":"ghostdriver","driverVersion":"1.2.0","platform":"linux-unknown-64bit","javascriptEnabled":true,"takesScreenshot":true,"handlesAlerts":false,"databaseEnabled":false,"locationContextEnabled":false,"applicationCacheEnabled":false,"browserConnectionEnabled":false,"cssSelectorsEnabled":true,"webStorageEnabled":false,"rotatable":false,"acceptSslCerts":false,"nativeEvents":true,"proxy":{"proxyType":"direct"}}
[INFO  - 2016-01-01T20:41:48.701Z] SessionManagerReqHand - _postNewSessionCommand - New Session Created: 14679a70-b0c8-11e5-9b34-e71a2a85d801
[INFO  - 2016-01-01T20:41:55.453Z] SessionManagerReqHand - _cleanupWindowlessSessions - Asynchronous Sessions clean-up phase starting NOW
[ERROR - 2016-01-01T20:41:57.606Z] WebElementLocator - _handleLocateCommand - Element(s) NOT Found: GAVE UP. Search Stop Time: 1451680917577
[INFO  - 2016-01-01T20:43:43.416Z] GhostDriver - Main - running on port 29410
[INFO  - 2016-01-01T20:43:43.839Z] Session [590892b0-b0c8-11e5-8c1e-071dd07cd70e] - page.settings - {"XSSAuditingEnabled":false,"javascriptCanCloseWindows":true,"javascriptCanOpenWindows":true,"javascriptEnabled":true,"loadImages":true,"localToRemoteUrlAccessEnabled":false,"userAgent":"Mozilla/5.0 (Unknown; Linux x86_64) AppleWebKit/538.1 (KHTML, like Gecko) PhantomJS/2.0.0 Safari/538.1","webSecurityEnabled":true}
[INFO  - 2016-01-01T20:43:43.839Z] Session [590892b0-b0c8-11e5-8c1e-071dd07cd70e] - page.customHeaders:  - {}
[INFO  - 2016-01-01T20:43:43.839Z] Session [590892b0-b0c8-11e5-8c1e-071dd07cd70e] - Session.negotiatedCapabilities - {"browserName":"phantomjs","version":"2.0.0","driverName":"ghostdriver","driverVersion":"1.2.0","platform":"linux-unknown-64bit","javascriptEnabled":true,"takesScreenshot":true,"handlesAlerts":false,"databaseEnabled":false,"locationContextEnabled":false,"applicationCacheEnabled":false,"browserConnectionEnabled":false,"cssSelectorsEnabled":true,"webStorageEnabled":false,"rotatable":false,"acceptSslCerts":false,"nativeEvents":true,"proxy":{"proxyType":"direct"}}
[INFO  - 2016-01-01T20:43:43.839Z] SessionManagerReqHand - _postNewSessionCommand - New Session Created: 590892b0-b0c8-11e5-8c1e-071dd07cd70e
[INFO  - 2016-01-01T20:43:45.180Z] SessionManagerReqHand - _cleanupWindowlessSessions - Asynchronous Sessions clean-up phase starting NOW
[ERROR - 2016-01-01T20:43:52.412Z] WebElementLocator - _handleLocateCommand - Element(s) NOT Found: GAVE UP. Search Stop Time: 1451681032375
[INFO  - 2016-01-01T20:44:06.753Z] SessionManagerReqHand - _cleanupWindowlessSessions - Asynchronous Sessions clean-up phase starting NOW
[INFO  - 2016-01-01T20:45:18.649Z] SessionManagerReqHand - _cleanupWindowlessSessions - Asynchronous Sessions clean-up phase starting NOW
[INFO  - 2016-01-01T20:45:25.549Z] SessionManagerReqHand - _cleanupWindowlessSessions - Asynchronous Sessions clean-up phase starting NOW
[INFO  - 2016-01-01T20:45:44.865Z] SessionManagerReqHand - _cleanupWindowlessSessions - Asynchronous Sessions clean-up phase starting NOW
[INFO  - 2016-01-01T20:46:03.765Z] SessionManagerReqHand - _cleanupWindowlessSessions - Asynchronous Sessions clean-up phase starting NOW
[INFO  - 2016-01-01T20:46:48.278Z] SessionManagerReqHand - _cleanupWindowlessSessions - Asynchronous Sessions clean-up phase starting NOW
[INFO  - 2016-01-01T20:46:55.453Z] SessionManagerReqHand - _cleanupWindowlessSessions - Asynchronous Sessions clean-up phase starting NOW
[INFO  - 2016-01-01T20:47:59.993Z] GhostDriver - Main - running on port 19675
[INFO  - 2016-01-01T20:48:00.407Z] Session [f1f59720-b0c8-11e5-8821-d9b80b1ae609] - page.settings - {"XSSAuditingEnabled":false,"javascriptCanCloseWindows":true,"javascriptCanOpenWindows":true,"javascriptEnabled":true,"loadImages":true,"localToRemoteUrlAccessEnabled":false,"userAgent":"Mozilla/5.0 (Unknown; Linux x86_64) AppleWebKit/538.1 (KHTML, like Gecko) PhantomJS/2.0.0 Safari/538.1","webSecurityEnabled":true}
[INFO  - 2016-01-01T20:48:00.407Z] Session [f1f59720-b0c8-11e5-8821-d9b80b1ae609] - page.customHeaders:  - {}
[INFO  - 2016-01-01T20:48:00.407Z] Session [f1f59720-b0c8-11e5-8821-d9b80b1ae609] - Session.negotiatedCapabilities - {"browserName":"phantomjs","version":"2.0.0","driverName":"ghostdriver","driverVersion":"1.2.0","platform":"linux-unknown-64bit","javascriptEnabled":true,"takesScreenshot":true,"handlesAlerts":false,"databaseEnabled":false,"locationContextEnabled":false,"applicationCacheEnabled":false,"browserConnectionEnabled":false,"cssSelectorsEnabled":true,"webStorageEnabled":false,"rotatable":false,"acceptSslCerts":false,"nativeEvents":true,"proxy":{"proxyType":"direct"}}
[INFO  - 2016-01-01T20:48:00.407Z] SessionManagerReqHand - _postNewSessionCommand - New Session Created: f1f59720-b0c8-11e5-8821-d9b80b1ae609
[ERROR - 2016-01-01T20:48:09.314Z] WebElementLocator - _handleLocateCommand - Element(s) NOT Found: GAVE UP. Search Stop Time: 1451681289288
[INFO  - 2016-01-01T20:48:41.318Z] GhostDriver - Main - running on port 3495
[INFO  - 2016-01-01T20:48:41.729Z] Session [0a96d3c0-b0c9-11e5-98fb-1da6fd629c80] - page.settings - {"XSSAuditingEnabled":false,"javascriptCanCloseWindows":true,"javascriptCanOpenWindows":true,"javascriptEnabled":true,"loadImages":true,"localToRemoteUrlAccessEnabled":false,"userAgent":"Mozilla/5.0 (Unknown; Linux x86_64) AppleWebKit/538.1 (KHTML, like Gecko) PhantomJS/2.0.0 Safari/538.1","webSecurityEnabled":true}
[INFO  - 2016-01-01T20:48:41.729Z] Session [0a96d3c0-b0c9-11e5-98fb-1da6fd629c80] - page.customHeaders:  - {}
[INFO  - 2016-01-01T20:48:41.729Z] Session [0a96d3c0-b0c9-11e5-98fb-1da6fd629c80] - Session.negotiatedCapabilities - {"browserName":"phantomjs","version":"2.0.0","driverName":"ghostdriver","driverVersion":"1.2.0","platform":"linux-unknown-64bit","javascriptEnabled":true,"takesScreenshot":true,"handlesAlerts":false,"databaseEnabled":false,"locationContextEnabled":false,"applicationCacheEnabled":false,"browserConnectionEnabled":false,"cssSelectorsEnabled":true,"webStorageEnabled":false,"rotatable":false,"acceptSslCerts":false,"nativeEvents":true,"proxy":{"proxyType":"direct"}}
[INFO  - 2016-01-01T20:48:41.729Z] SessionManagerReqHand - _postNewSessionCommand - New Session Created: 0a96d3c0-b0c9-11e5-98fb-1da6fd629c80
[INFO  - 2016-01-01T20:48:43.415Z] SessionManagerReqHand - _cleanupWindowlessSessions - Asynchronous Sessions clean-up phase starting NOW
[INFO  - 2016-01-01T20:48:45.180Z] SessionManagerReqHand - _cleanupWindowlessSessions - Asynchronous Sessions clean-up phase starting NOW
[ERROR - 2016-01-01T20:48:50.295Z] WebElementLocator - _handleLocateCommand - Element(s) NOT Found: GAVE UP. Search Stop Time: 1451681330263
[INFO  - 2016-01-01T20:49:06.752Z] SessionManagerReqHand - _cleanupWindowlessSessions - Asynchronous Sessions clean-up phase starting NOW
[INFO  - 2016-01-01T20:49:19.922Z] GhostDriver - Main - running on port 17041
[INFO  - 2016-01-01T20:49:20.345Z] Session [219b2940-b0c9-11e5-a2cd-97685ff95fd4] - page.settings - {"XSSAuditingEnabled":false,"javascriptCanCloseWindows":true,"javascriptCanOpenWindows":true,"javascriptEnabled":true,"loadImages":true,"localToRemoteUrlAccessEnabled":false,"userAgent":"Mozilla/5.0 (Unknown; Linux x86_64) AppleWebKit/538.1 (KHTML, like Gecko) PhantomJS/2.0.0 Safari/538.1","webSecurityEnabled":true}
[INFO  - 2016-01-01T20:49:20.345Z] Session [219b2940-b0c9-11e5-a2cd-97685ff95fd4] - page.customHeaders:  - {}
[INFO  - 2016-01-01T20:49:20.346Z] Session [219b2940-b0c9-11e5-a2cd-97685ff95fd4] - Session.negotiatedCapabilities - {"browserName":"phantomjs","version":"2.0.0","driverName":"ghostdriver","driverVersion":"1.2.0","platform":"linux-unknown-64bit","javascriptEnabled":true,"takesScreenshot":true,"handlesAlerts":false,"databaseEnabled":false,"locationContextEnabled":false,"applicationCacheEnabled":false,"browserConnectionEnabled":false,"cssSelectorsEnabled":true,"webStorageEnabled":false,"rotatable":false,"acceptSslCerts":false,"nativeEvents":true,"proxy":{"proxyType":"direct"}}
[INFO  - 2016-01-01T20:49:20.346Z] SessionManagerReqHand - _postNewSessionCommand - New Session Created: 219b2940-b0c9-11e5-a2cd-97685ff95fd4
[ERROR - 2016-01-01T20:49:29.357Z] WebElementLocator - _handleLocateCommand - Element(s) NOT Found: GAVE UP. Search Stop Time: 1451681369341
[INFO  - 2016-01-01T20:49:54.612Z] GhostDriver - Main - running on port 31721
[INFO  - 2016-01-01T20:49:55.033Z] Session [36482140-b0c9-11e5-a8c4-91e958a5d711] - page.settings - {"XSSAuditingEnabled":false,"javascriptCanCloseWindows":true,"javascriptCanOpenWindows":true,"javascriptEnabled":true,"loadImages":true,"localToRemoteUrlAccessEnabled":false,"userAgent":"Mozilla/5.0 (Unknown; Linux x86_64) AppleWebKit/538.1 (KHTML, like Gecko) PhantomJS/2.0.0 Safari/538.1","webSecurityEnabled":true}
[INFO  - 2016-01-01T20:49:55.034Z] Session [36482140-b0c9-11e5-a8c4-91e958a5d711] - page.customHeaders:  - {}
[INFO  - 2016-01-01T20:49:55.034Z] Session [36482140-b0c9-11e5-a8c4-91e958a5d711] - Session.negotiatedCapabilities - {"browserName":"phantomjs","version":"2.0.0","driverName":"ghostdriver","driverVersion":"1.2.0","platform":"linux-unknown-64bit","javascriptEnabled":true,"takesScreenshot":true,"handlesAlerts":false,"databaseEnabled":false,"locationContextEnabled":false,"applicationCacheEnabled":false,"browserConnectionEnabled":false,"cssSelectorsEnabled":true,"webStorageEnabled":false,"rotatable":false,"acceptSslCerts":false,"nativeEvents":true,"proxy":{"proxyType":"direct"}}
[INFO  - 2016-01-01T20:49:55.034Z] SessionManagerReqHand - _postNewSessionCommand - New Session Created: 36482140-b0c9-11e5-a8c4-91e958a5d711
[ERROR - 2016-01-01T20:50:03.945Z] WebElementLocator - _handleLocateCommand - Element(s) NOT Found: GAVE UP. Search Stop Time: 1451681403913
[INFO  - 2016-01-01T20:50:18.649Z] SessionManagerReqHand - _cleanupWindowlessSessions - Asynchronous Sessions clean-up phase starting NOW
[INFO  - 2016-01-01T20:50:25.549Z] SessionManagerReqHand - _cleanupWindowlessSessions - Asynchronous Sessions clean-up phase starting NOW
[INFO  - 2016-01-01T20:50:44.865Z] SessionManagerReqHand - _cleanupWindowlessSessions - Asynchronous Sessions clean-up phase starting NOW
[INFO  - 2016-01-01T20:51:03.765Z] SessionManagerReqHand - _cleanupWindowlessSessions - Asynchronous Sessions clean-up phase starting NOW
[INFO  - 2016-01-01T20:51:48.277Z] SessionManagerReqHand - _cleanupWindowlessSessions - Asynchronous Sessions clean-up phase starting NOW
[INFO  - 2016-01-01T20:51:55.453Z] SessionManagerReqHand - _cleanupWindowlessSessions - Asynchronous Sessions clean-up phase starting NOW
